Determining if the pthread_create exist failed with the following output:
Change Dir: /home/duwenwen/Workspace/pointcloudcompress/ros-message-transport/throttled_transport/build/CMakeFiles/CMakeTmp

Run Build Command:"/usr/bin/make" "cmTC_ae8fe/fast"
make[1]: Entering directory '/home/duwenwen/Workspace/pointcloudcompress/ros-message-transport/throttled_transport/build/CMakeFiles/CMakeTmp'
/usr/bin/make -f CMakeFiles/cmTC_ae8fe.dir/build.make CMakeFiles/cmTC_ae8fe.dir/build
make[2]: Entering directory '/home/duwenwen/Workspace/pointcloudcompress/ros-message-transport/throttled_transport/build/CMakeFiles/CMakeTmp'
Building C object CMakeFiles/cmTC_ae8fe.dir/CheckSymbolExists.c.o
/usr/bin/cc     -o CMakeFiles/cmTC_ae8fe.dir/CheckSymbolExists.c.o   -c /home/duwenwen/Workspace/pointcloudcompress/ros-message-transport/throttled_transport/build/CMakeFiles/CMakeTmp/CheckSymbolExists.c
Linking C executable cmTC_ae8fe
/usr/bin/cmake -E cmake_link_script CMakeFiles/cmTC_ae8fe.dir/link.txt --verbose=1
/usr/bin/cc       CMakeFiles/cmTC_ae8fe.dir/CheckSymbolExists.c.o  -o cmTC_ae8fe -rdynamic 
CMakeFiles/cmTC_ae8fe.dir/CheckSymbolExists.c.o: In function `main':
CheckSymbolExists.c:(.text+0x16): undefined reference to `pthread_create'
collect2: error: ld returned 1 exit status
CMakeFiles/cmTC_ae8fe.dir/build.make:97: recipe for target 'cmTC_ae8fe' failed
make[2]: *** [cmTC_ae8fe] Error 1
make[2]: Leaving directory '/home/duwenwen/Workspace/pointcloudcompress/ros-message-transport/throttled_transport/build/CMakeFiles/CMakeTmp'
Makefile:126: recipe for target 'cmTC_ae8fe/fast' failed
make[1]: *** [cmTC_ae8fe/fast] Error 2
make[1]: Leaving directory '/home/duwenwen/Workspace/pointcloudcompress/ros-message-transport/throttled_transport/build/CMakeFiles/CMakeTmp'

File /home/duwenwen/Workspace/pointcloudcompress/ros-message-transport/throttled_transport/build/CMakeFiles/CMakeTmp/CheckSymbolExists.c:
/* */
#include <pthread.h>

int main(int argc, char** argv)
{
  (void)argv;
#ifndef pthread_create
  return ((int*)(&pthread_create))[argc];
#else
  (void)argc;
  return 0;
#endif
}

Determining if the function pthread_create exists in the pthreads failed with the following output:
Change Dir: /home/duwenwen/Workspace/pointcloudcompress/ros-message-transport/throttled_transport/build/CMakeFiles/CMakeTmp

Run Build Command:"/usr/bin/make" "cmTC_dcc54/fast"
make[1]: Entering directory '/home/duwenwen/Workspace/pointcloudcompress/ros-message-transport/throttled_transport/build/CMakeFiles/CMakeTmp'
/usr/bin/make -f CMakeFiles/cmTC_dcc54.dir/build.make CMakeFiles/cmTC_dcc54.dir/build
make[2]: Entering directory '/home/duwenwen/Workspace/pointcloudcompress/ros-message-transport/throttled_transport/build/CMakeFiles/CMakeTmp'
Building C object CMakeFiles/cmTC_dcc54.dir/CheckFunctionExists.c.o
/usr/bin/cc    -DCHECK_FUNCTION_EXISTS=pthread_create   -o CMakeFiles/cmTC_dcc54.dir/CheckFunctionExists.c.o   -c /usr/share/cmake-3.5/Modules/CheckFunctionExists.c
Linking C executable cmTC_dcc54
/usr/bin/cmake -E cmake_link_script CMakeFiles/cmTC_dcc54.dir/link.txt --verbose=1
/usr/bin/cc   -DCHECK_FUNCTION_EXISTS=pthread_create    CMakeFiles/cmTC_dcc54.dir/CheckFunctionExists.c.o  -o cmTC_dcc54 -rdynamic -lpthreads 
/usr/bin/ld: cannot find -lpthreads
collect2: error: ld returned 1 exit status
CMakeFiles/cmTC_dcc54.dir/build.make:97: recipe for target 'cmTC_dcc54' failed
make[2]: *** [cmTC_dcc54] Error 1
make[2]: Leaving directory '/home/duwenwen/Workspace/pointcloudcompress/ros-message-transport/throttled_transport/build/CMakeFiles/CMakeTmp'
Makefile:126: recipe for target 'cmTC_dcc54/fast' failed
make[1]: *** [cmTC_dcc54/fast] Error 2
make[1]: Leaving directory '/home/duwenwen/Workspace/pointcloudcompress/ros-message-transport/throttled_transport/build/CMakeFiles/CMakeTmp'


