Determining if the pthread_create exist failed with the following output:
Change Dir: /home/duwenwen/Workspace/pointcloudcompress/ros-message-transport/templated_transports/build/CMakeFiles/CMakeTmp

Run Build Command:"/usr/bin/make" "cmTC_32584/fast"
make[1]: Entering directory '/home/duwenwen/Workspace/pointcloudcompress/ros-message-transport/templated_transports/build/CMakeFiles/CMakeTmp'
/usr/bin/make -f CMakeFiles/cmTC_32584.dir/build.make CMakeFiles/cmTC_32584.dir/build
make[2]: Entering directory '/home/duwenwen/Workspace/pointcloudcompress/ros-message-transport/templated_transports/build/CMakeFiles/CMakeTmp'
Building C object CMakeFiles/cmTC_32584.dir/CheckSymbolExists.c.o
/usr/bin/cc     -o CMakeFiles/cmTC_32584.dir/CheckSymbolExists.c.o   -c /home/duwenwen/Workspace/pointcloudcompress/ros-message-transport/templated_transports/build/CMakeFiles/CMakeTmp/CheckSymbolExists.c
Linking C executable cmTC_32584
/usr/bin/cmake -E cmake_link_script CMakeFiles/cmTC_32584.dir/link.txt --verbose=1
/usr/bin/cc       CMakeFiles/cmTC_32584.dir/CheckSymbolExists.c.o  -o cmTC_32584 -rdynamic 
CMakeFiles/cmTC_32584.dir/CheckSymbolExists.c.o: In function `main':
CheckSymbolExists.c:(.text+0x16): undefined reference to `pthread_create'
collect2: error: ld returned 1 exit status
CMakeFiles/cmTC_32584.dir/build.make:97: recipe for target 'cmTC_32584' failed
make[2]: *** [cmTC_32584] Error 1
make[2]: Leaving directory '/home/duwenwen/Workspace/pointcloudcompress/ros-message-transport/templated_transports/build/CMakeFiles/CMakeTmp'
Makefile:126: recipe for target 'cmTC_32584/fast' failed
make[1]: *** [cmTC_32584/fast] Error 2
make[1]: Leaving directory '/home/duwenwen/Workspace/pointcloudcompress/ros-message-transport/templated_transports/build/CMakeFiles/CMakeTmp'

File /home/duwenwen/Workspace/pointcloudcompress/ros-message-transport/templated_transports/build/CMakeFiles/CMakeTmp/CheckSymbolExists.c:
/* */
#include <pthread.h>

int main(int argc, char** argv)
{
  (void)argv;
#ifndef pthread_create
  return ((int*)(&pthread_create))[argc];
#else
  (void)argc;
  return 0;
#endif
}

Determining if the function pthread_create exists in the pthreads failed with the following output:
Change Dir: /home/duwenwen/Workspace/pointcloudcompress/ros-message-transport/templated_transports/build/CMakeFiles/CMakeTmp

Run Build Command:"/usr/bin/make" "cmTC_3a250/fast"
make[1]: Entering directory '/home/duwenwen/Workspace/pointcloudcompress/ros-message-transport/templated_transports/build/CMakeFiles/CMakeTmp'
/usr/bin/make -f CMakeFiles/cmTC_3a250.dir/build.make CMakeFiles/cmTC_3a250.dir/build
make[2]: Entering directory '/home/duwenwen/Workspace/pointcloudcompress/ros-message-transport/templated_transports/build/CMakeFiles/CMakeTmp'
Building C object CMakeFiles/cmTC_3a250.dir/CheckFunctionExists.c.o
/usr/bin/cc    -DCHECK_FUNCTION_EXISTS=pthread_create   -o CMakeFiles/cmTC_3a250.dir/CheckFunctionExists.c.o   -c /usr/share/cmake-3.5/Modules/CheckFunctionExists.c
Linking C executable cmTC_3a250
/usr/bin/cmake -E cmake_link_script CMakeFiles/cmTC_3a250.dir/link.txt --verbose=1
/usr/bin/cc   -DCHECK_FUNCTION_EXISTS=pthread_create    CMakeFiles/cmTC_3a250.dir/CheckFunctionExists.c.o  -o cmTC_3a250 -rdynamic -lpthreads 
/usr/bin/ld: cannot find -lpthreads
collect2: error: ld returned 1 exit status
CMakeFiles/cmTC_3a250.dir/build.make:97: recipe for target 'cmTC_3a250' failed
make[2]: *** [cmTC_3a250] Error 1
make[2]: Leaving directory '/home/duwenwen/Workspace/pointcloudcompress/ros-message-transport/templated_transports/build/CMakeFiles/CMakeTmp'
Makefile:126: recipe for target 'cmTC_3a250/fast' failed
make[1]: *** [cmTC_3a250/fast] Error 2
make[1]: Leaving directory '/home/duwenwen/Workspace/pointcloudcompress/ros-message-transport/templated_transports/build/CMakeFiles/CMakeTmp'


