Determining if the pthread_create exist failed with the following output:
Change Dir: /home/duwenwen/Workspace/pointcloudcompress/ros-message-transport/pointcloud_transport/build/CMakeFiles/CMakeTmp

Run Build Command:"/usr/bin/make" "cmTC_b0ddd/fast"
make[1]: Entering directory '/home/duwenwen/Workspace/pointcloudcompress/ros-message-transport/pointcloud_transport/build/CMakeFiles/CMakeTmp'
/usr/bin/make -f CMakeFiles/cmTC_b0ddd.dir/build.make CMakeFiles/cmTC_b0ddd.dir/build
make[2]: Entering directory '/home/duwenwen/Workspace/pointcloudcompress/ros-message-transport/pointcloud_transport/build/CMakeFiles/CMakeTmp'
Building C object CMakeFiles/cmTC_b0ddd.dir/CheckSymbolExists.c.o
/usr/bin/cc     -o CMakeFiles/cmTC_b0ddd.dir/CheckSymbolExists.c.o   -c /home/duwenwen/Workspace/pointcloudcompress/ros-message-transport/pointcloud_transport/build/CMakeFiles/CMakeTmp/CheckSymbolExists.c
Linking C executable cmTC_b0ddd
/usr/bin/cmake -E cmake_link_script CMakeFiles/cmTC_b0ddd.dir/link.txt --verbose=1
/usr/bin/cc       CMakeFiles/cmTC_b0ddd.dir/CheckSymbolExists.c.o  -o cmTC_b0ddd -rdynamic 
CMakeFiles/cmTC_b0ddd.dir/CheckSymbolExists.c.o: In function `main':
CheckSymbolExists.c:(.text+0x16): undefined reference to `pthread_create'
collect2: error: ld returned 1 exit status
CMakeFiles/cmTC_b0ddd.dir/build.make:97: recipe for target 'cmTC_b0ddd' failed
make[2]: *** [cmTC_b0ddd] Error 1
make[2]: Leaving directory '/home/duwenwen/Workspace/pointcloudcompress/ros-message-transport/pointcloud_transport/build/CMakeFiles/CMakeTmp'
Makefile:126: recipe for target 'cmTC_b0ddd/fast' failed
make[1]: *** [cmTC_b0ddd/fast] Error 2
make[1]: Leaving directory '/home/duwenwen/Workspace/pointcloudcompress/ros-message-transport/pointcloud_transport/build/CMakeFiles/CMakeTmp'

File /home/duwenwen/Workspace/pointcloudcompress/ros-message-transport/pointcloud_transport/build/CMakeFiles/CMakeTmp/CheckSymbolExists.c:
/* */
#include <pthread.h>

int main(int argc, char** argv)
{
  (void)argv;
#ifndef pthread_create
  return ((int*)(&pthread_create))[argc];
#else
  (void)argc;
  return 0;
#endif
}

Determining if the function pthread_create exists in the pthreads failed with the following output:
Change Dir: /home/duwenwen/Workspace/pointcloudcompress/ros-message-transport/pointcloud_transport/build/CMakeFiles/CMakeTmp

Run Build Command:"/usr/bin/make" "cmTC_98e2a/fast"
make[1]: Entering directory '/home/duwenwen/Workspace/pointcloudcompress/ros-message-transport/pointcloud_transport/build/CMakeFiles/CMakeTmp'
/usr/bin/make -f CMakeFiles/cmTC_98e2a.dir/build.make CMakeFiles/cmTC_98e2a.dir/build
make[2]: Entering directory '/home/duwenwen/Workspace/pointcloudcompress/ros-message-transport/pointcloud_transport/build/CMakeFiles/CMakeTmp'
Building C object CMakeFiles/cmTC_98e2a.dir/CheckFunctionExists.c.o
/usr/bin/cc    -DCHECK_FUNCTION_EXISTS=pthread_create   -o CMakeFiles/cmTC_98e2a.dir/CheckFunctionExists.c.o   -c /usr/share/cmake-3.5/Modules/CheckFunctionExists.c
Linking C executable cmTC_98e2a
/usr/bin/cmake -E cmake_link_script CMakeFiles/cmTC_98e2a.dir/link.txt --verbose=1
/usr/bin/cc   -DCHECK_FUNCTION_EXISTS=pthread_create    CMakeFiles/cmTC_98e2a.dir/CheckFunctionExists.c.o  -o cmTC_98e2a -rdynamic -lpthreads 
/usr/bin/ld: cannot find -lpthreads
collect2: error: ld returned 1 exit status
CMakeFiles/cmTC_98e2a.dir/build.make:97: recipe for target 'cmTC_98e2a' failed
make[2]: *** [cmTC_98e2a] Error 1
make[2]: Leaving directory '/home/duwenwen/Workspace/pointcloudcompress/ros-message-transport/pointcloud_transport/build/CMakeFiles/CMakeTmp'
Makefile:126: recipe for target 'cmTC_98e2a/fast' failed
make[1]: *** [cmTC_98e2a/fast] Error 2
make[1]: Leaving directory '/home/duwenwen/Workspace/pointcloudcompress/ros-message-transport/pointcloud_transport/build/CMakeFiles/CMakeTmp'


