Determining if the pthread_create exist failed with the following output:
Change Dir: /home/duwenwen/Workspace/pointcloudcompress/ros-message-transport/imagem_transport/build/CMakeFiles/CMakeTmp

Run Build Command:"/usr/bin/make" "cmTC_07bbb/fast"
make[1]: Entering directory '/home/duwenwen/Workspace/pointcloudcompress/ros-message-transport/imagem_transport/build/CMakeFiles/CMakeTmp'
/usr/bin/make -f CMakeFiles/cmTC_07bbb.dir/build.make CMakeFiles/cmTC_07bbb.dir/build
make[2]: Entering directory '/home/duwenwen/Workspace/pointcloudcompress/ros-message-transport/imagem_transport/build/CMakeFiles/CMakeTmp'
Building C object CMakeFiles/cmTC_07bbb.dir/CheckSymbolExists.c.o
/usr/bin/cc     -o CMakeFiles/cmTC_07bbb.dir/CheckSymbolExists.c.o   -c /home/duwenwen/Workspace/pointcloudcompress/ros-message-transport/imagem_transport/build/CMakeFiles/CMakeTmp/CheckSymbolExists.c
Linking C executable cmTC_07bbb
/usr/bin/cmake -E cmake_link_script CMakeFiles/cmTC_07bbb.dir/link.txt --verbose=1
/usr/bin/cc       CMakeFiles/cmTC_07bbb.dir/CheckSymbolExists.c.o  -o cmTC_07bbb -rdynamic 
CMakeFiles/cmTC_07bbb.dir/CheckSymbolExists.c.o: In function `main':
CheckSymbolExists.c:(.text+0x16): undefined reference to `pthread_create'
collect2: error: ld returned 1 exit status
CMakeFiles/cmTC_07bbb.dir/build.make:97: recipe for target 'cmTC_07bbb' failed
make[2]: *** [cmTC_07bbb] Error 1
make[2]: Leaving directory '/home/duwenwen/Workspace/pointcloudcompress/ros-message-transport/imagem_transport/build/CMakeFiles/CMakeTmp'
Makefile:126: recipe for target 'cmTC_07bbb/fast' failed
make[1]: *** [cmTC_07bbb/fast] Error 2
make[1]: Leaving directory '/home/duwenwen/Workspace/pointcloudcompress/ros-message-transport/imagem_transport/build/CMakeFiles/CMakeTmp'

File /home/duwenwen/Workspace/pointcloudcompress/ros-message-transport/imagem_transport/build/CMakeFiles/CMakeTmp/CheckSymbolExists.c:
/* */
#include <pthread.h>

int main(int argc, char** argv)
{
  (void)argv;
#ifndef pthread_create
  return ((int*)(&pthread_create))[argc];
#else
  (void)argc;
  return 0;
#endif
}

Determining if the function pthread_create exists in the pthreads failed with the following output:
Change Dir: /home/duwenwen/Workspace/pointcloudcompress/ros-message-transport/imagem_transport/build/CMakeFiles/CMakeTmp

Run Build Command:"/usr/bin/make" "cmTC_f2ebc/fast"
make[1]: Entering directory '/home/duwenwen/Workspace/pointcloudcompress/ros-message-transport/imagem_transport/build/CMakeFiles/CMakeTmp'
/usr/bin/make -f CMakeFiles/cmTC_f2ebc.dir/build.make CMakeFiles/cmTC_f2ebc.dir/build
make[2]: Entering directory '/home/duwenwen/Workspace/pointcloudcompress/ros-message-transport/imagem_transport/build/CMakeFiles/CMakeTmp'
Building C object CMakeFiles/cmTC_f2ebc.dir/CheckFunctionExists.c.o
/usr/bin/cc    -DCHECK_FUNCTION_EXISTS=pthread_create   -o CMakeFiles/cmTC_f2ebc.dir/CheckFunctionExists.c.o   -c /usr/share/cmake-3.5/Modules/CheckFunctionExists.c
Linking C executable cmTC_f2ebc
/usr/bin/cmake -E cmake_link_script CMakeFiles/cmTC_f2ebc.dir/link.txt --verbose=1
/usr/bin/cc   -DCHECK_FUNCTION_EXISTS=pthread_create    CMakeFiles/cmTC_f2ebc.dir/CheckFunctionExists.c.o  -o cmTC_f2ebc -rdynamic -lpthreads 
/usr/bin/ld: cannot find -lpthreads
collect2: error: ld returned 1 exit status
CMakeFiles/cmTC_f2ebc.dir/build.make:97: recipe for target 'cmTC_f2ebc' failed
make[2]: *** [cmTC_f2ebc] Error 1
make[2]: Leaving directory '/home/duwenwen/Workspace/pointcloudcompress/ros-message-transport/imagem_transport/build/CMakeFiles/CMakeTmp'
Makefile:126: recipe for target 'cmTC_f2ebc/fast' failed
make[1]: *** [cmTC_f2ebc/fast] Error 2
make[1]: Leaving directory '/home/duwenwen/Workspace/pointcloudcompress/ros-message-transport/imagem_transport/build/CMakeFiles/CMakeTmp'


